<?xml version="1.0" encoding="UTF-8"?>
<!-- Generated by org.testng.reporters.JUnitReportReporter -->
<testsuite hostname="ADMIN-PC" failures="0" tests="4" name="Practies.TestNGPractice" time="0.024" errors="0" timestamp="2023-02-23T12:12:26 IST" skipped="0">
  <testcase classname="Practies.TestNGPractice" name="modifycontact" time="0.018"/>
  <system-out/>
  <testcase classname="Practies.TestNGPractice" name="modifycontact" time="0.002"/>
  <system-out/>
  <testcase classname="Practies.TestNGPractice" name="delete" time="0.001"/>
  <system-out/>
  <testcase classname="Practies.TestNGPractice" name="createContact" time="0.003"/>
  <system-out/>
</testsuite> <!-- Practies.TestNGPractice -->
