<?xml version="1.0" encoding="UTF-8"?>
<!-- Generated by org.testng.reporters.JUnitReportReporter -->
<testsuite hostname="ADMIN-PC" failures="0" tests="5" name="Practies.DataProviderTest" time="0.031" errors="0" timestamp="2023-02-25T23:01:20 IST" skipped="0">
  <testcase classname="Practies.DataProviderTest" name="bookticket" time="0.014"/>
  <system-out/>
  <testcase classname="Practies.DataProviderTest" name="bookticket" time="0.004"/>
  <system-out/>
  <testcase classname="Practies.DataProviderTest" name="bookticket" time="0.004"/>
  <system-out/>
  <testcase classname="Practies.DataProviderTest" name="bookticket" time="0.007"/>
  <system-out/>
  <testcase classname="Practies.DataProviderTest" name="bookticket" time="0.002"/>
  <system-out/>
</testsuite> <!-- Practies.DataProviderTest -->
