<?xml version="1.0" encoding="UTF-8"?>
<!-- Generated by org.testng.reporters.JUnitReportReporter -->
<testsuite hostname="ADMIN-PC" failures="0" tests="1" name="Practies.ppt" time="13.311" errors="0" timestamp="2023-02-21T23:02:08 IST" skipped="0">
  <testcase classname="Practies.ppt" name="ppt" time="13.311"/>
  <system-out/>
</testsuite> <!-- Practies.ppt -->
